<?xml version="1.0" encoding="UTF-8"?>
<!-- Generated by org.testng.reporters.JUnitXMLReporter -->
<testsuite ignored="0" hostname="LPT2546" failures="0" tests="6" name="Test" time="0.119" errors="0" timestamp="2020-12-03T16:43:16 IST">
  <testcase classname="PankajMavenProject.MavenJava.SeleniumTest" name="browserautomation" time="0.023"/>
  <testcase classname="PankajMavenProject.MavenJava.SeleniumTest" name="elementUI" time="0.009"/>
  <testcase classname="PankajMavenProject.MavenJava.RestAssuredTest" name="ClearCache" time="0.008"/>
  <testcase classname="PankajMavenProject.MavenJava.RestAssuredTest" name="postjera" time="0.006"/>
  <testcase classname="PankajMavenProject.MavenJava.AppTest" name="AppCall" time="0.002"/>
  <testcase classname="PankajMavenProject.MavenJava.APITest" name="ManagePankaj" time="0.002"/>
</testsuite> <!-- Test -->
