<?xml version="1.0" encoding="UTF-8"?>
<!-- Generated by org.testng.reporters.JUnitXMLReporter -->
<testsuite hostname="LPT2546" ignored="0" name="Test" tests="5" failures="0" timestamp="2020-12-03T17:22:04 IST" time="0.046" errors="0">
  <testcase name="browserautomation" time="0.006" classname="PankajMavenProject.MavenJava.SeleniumTest"/>
  <testcase name="elementUI" time="0.0" classname="PankajMavenProject.MavenJava.SeleniumTest"/>
  <testcase name="ClearCache" time="0.0" classname="PankajMavenProject.MavenJava.RestAssuredTest"/>
  <testcase name="postjera" time="0.0" classname="PankajMavenProject.MavenJava.RestAssuredTest"/>
  <testcase name="AppCall" time="0.0" classname="PankajMavenProject.MavenJava.AppTest"/>
</testsuite> <!-- Test -->
