<?xml version="1.0" encoding="UTF-8"?>
<testng-results skipped="0" failed="0" ignored="0" total="5" passed="5">
  <reporter-output>
  </reporter-output>
  <suite name="Suite" duration-ms="46" started-at="2020-12-03T17:22:04 IST" finished-at="2020-12-03T17:22:04 IST">
    <groups>
    </groups>
    <test name="Test" duration-ms="46" started-at="2020-12-03T17:22:04 IST" finished-at="2020-12-03T17:22:04 IST">
      <class name="PankajMavenProject.MavenJava.RestAssuredTest">
        <test-method status="PASS" signature="ClearCache()[pri:0, instance:PankajMavenProject.MavenJava.RestAssuredTest@57536d79]" name="ClearCache" duration-ms="0" started-at="2020-12-03T17:22:04 IST" finished-at="2020-12-03T17:22:04 IST">
          <reporter-output>
          </reporter-output>
        </test-method> <!-- ClearCache -->
        <test-method status="PASS" signature="postjera()[pri:0, instance:PankajMavenProject.MavenJava.RestAssuredTest@57536d79]" name="postjera" duration-ms="0" started-at="2020-12-03T17:22:04 IST" finished-at="2020-12-03T17:22:04 IST">
          <reporter-output>
          </reporter-output>
        </test-method> <!-- postjera -->
      </class> <!-- PankajMavenProject.MavenJava.RestAssuredTest -->
      <class name="PankajMavenProject.MavenJava.SeleniumTest">
        <test-method status="PASS" signature="browserautomation()[pri:0, instance:PankajMavenProject.MavenJava.SeleniumTest@6ddf90b0]" name="browserautomation" duration-ms="6" started-at="2020-12-03T17:22:04 IST" finished-at="2020-12-03T17:22:04 IST">
          <reporter-output>
          </reporter-output>
        </test-method> <!-- browserautomation -->
        <test-method status="PASS" signature="elementUI()[pri:0, instance:PankajMavenProject.MavenJava.SeleniumTest@6ddf90b0]" name="elementUI" duration-ms="0" started-at="2020-12-03T17:22:04 IST" finished-at="2020-12-03T17:22:04 IST">
          <reporter-output>
          </reporter-output>
        </test-method> <!-- elementUI -->
      </class> <!-- PankajMavenProject.MavenJava.SeleniumTest -->
      <class name="PankajMavenProject.MavenJava.AppTest">
        <test-method status="PASS" signature="AppCall()[pri:0, instance:PankajMavenProject.MavenJava.AppTest@3b0143d3]" name="AppCall" duration-ms="0" started-at="2020-12-03T17:22:04 IST" finished-at="2020-12-03T17:22:04 IST">
          <reporter-output>
          </reporter-output>
        </test-method> <!-- AppCall -->
      </class> <!-- PankajMavenProject.MavenJava.AppTest -->
    </test> <!-- Test -->
  </suite> <!-- Suite -->
</testng-results>
