<?xml version="1.0" encoding="UTF-8"?>
<testng-results ignored="0" total="6" passed="6" failed="0" skipped="0">
  <reporter-output>
  </reporter-output>
  <suite started-at="2020-12-03T16:43:16 IST" name="Suite" finished-at="2020-12-03T16:43:16 IST" duration-ms="119">
    <groups>
    </groups>
    <test started-at="2020-12-03T16:43:16 IST" name="Test" finished-at="2020-12-03T16:43:16 IST" duration-ms="119">
      <class name="PankajMavenProject.MavenJava.APITest">
        <test-method signature="ManagePankaj()[pri:0, instance:PankajMavenProject.MavenJava.APITest@1bb266b3]" started-at="2020-12-03T16:43:16 IST" name="ManagePankaj" finished-at="2020-12-03T16:43:16 IST" duration-ms="2" status="PASS">
          <reporter-output>
          </reporter-output>
        </test-method> <!-- ManagePankaj -->
      </class> <!-- PankajMavenProject.MavenJava.APITest -->
      <class name="PankajMavenProject.MavenJava.RestAssuredTest">
        <test-method signature="ClearCache()[pri:0, instance:PankajMavenProject.MavenJava.RestAssuredTest@37858383]" started-at="2020-12-03T16:43:16 IST" name="ClearCache" finished-at="2020-12-03T16:43:16 IST" duration-ms="8" status="PASS">
          <reporter-output>
          </reporter-output>
        </test-method> <!-- ClearCache -->
        <test-method signature="postjera()[pri:0, instance:PankajMavenProject.MavenJava.RestAssuredTest@37858383]" started-at="2020-12-03T16:43:16 IST" name="postjera" finished-at="2020-12-03T16:43:16 IST" duration-ms="6" status="PASS">
          <reporter-output>
          </reporter-output>
        </test-method> <!-- postjera -->
      </class> <!-- PankajMavenProject.MavenJava.RestAssuredTest -->
      <class name="PankajMavenProject.MavenJava.SeleniumTest">
        <test-method signature="browserautomation()[pri:0, instance:PankajMavenProject.MavenJava.SeleniumTest@776b83cc]" started-at="2020-12-03T16:43:16 IST" name="browserautomation" finished-at="2020-12-03T16:43:16 IST" duration-ms="23" status="PASS">
          <reporter-output>
          </reporter-output>
        </test-method> <!-- browserautomation -->
        <test-method signature="elementUI()[pri:0, instance:PankajMavenProject.MavenJava.SeleniumTest@776b83cc]" started-at="2020-12-03T16:43:16 IST" name="elementUI" finished-at="2020-12-03T16:43:16 IST" duration-ms="9" status="PASS">
          <reporter-output>
          </reporter-output>
        </test-method> <!-- elementUI -->
      </class> <!-- PankajMavenProject.MavenJava.SeleniumTest -->
      <class name="PankajMavenProject.MavenJava.AppTest">
        <test-method signature="AppCall()[pri:0, instance:PankajMavenProject.MavenJava.AppTest@4e268090]" started-at="2020-12-03T16:43:16 IST" name="AppCall" finished-at="2020-12-03T16:43:16 IST" duration-ms="2" status="PASS">
          <reporter-output>
          </reporter-output>
        </test-method> <!-- AppCall -->
      </class> <!-- PankajMavenProject.MavenJava.AppTest -->
    </test> <!-- Test -->
  </suite> <!-- Suite -->
</testng-results>
